<?xml version="1.0" encoding="UTF-8"?>
<testsuite xmlns:xsi="http://www.w3.org/2001/XMLSchema-instance" xsi:noNamespaceSchemaLocation="https://maven.apache.org/surefire/maven-surefire-plugin/xsd/surefire-test-report-3.0.xsd" version="3.0" name="TestSuite" time="9.925" tests="1" errors="0" skipped="0" failures="0">
  <properties>
[...]
</properties>
  <testcase name="verify_account_registration" classname="testcases.TC001_Accountregistrationpage" time="1.867">
    <system-out><![CDATA[11:45:34.615 [main] INFO  testcases.TC001_Accountregistrationpage - Launching browser: chrome
11:45:38.614 [main] INFO  testcases.TC001_Accountregistrationpage - STARTING Tc1_Accountregistrationpage
11:45:38.812 [main] INFO  testcases.TC001_Accountregistrationpage - clicked on myaccount link
11:45:39.174 [main] INFO  testcases.TC001_Accountregistrationpage - clicked on register link
11:45:39.177 [main] INFO  testcases.TC001_Accountregistrationpage - providing customer details...
11:45:40.394 [main] INFO  testcases.TC001_Accountregistrationpage - validating expected msg...
11:45:40.454 [main] INFO  testcases.TC001_Accountregistrationpage - FINISHED Tc1_Accountregistrationpage
]]></system-out>
    <system-err><![CDATA[Jul 08, 2025 11:45:36 AM org.openqa.selenium.devtools.CdpVersionFinder findNearestMatch
WARNING: Unable to find an exact match for CDP version 138, returning the closest version; found: 137; Please update to a Selenium version that supports CDP version 138
]]></system-err>
  </testcase>
</testsuite>