<?xml version="1.0" encoding="UTF-8"?>
<testng-results ignored="0" total="1" passed="1" failed="0" skipped="0">
  <reporter-output>
  </reporter-output>
  <suite started-at="2025-07-08T11:45:34 IST" name="master Suite" finished-at="2025-07-08T11:45:40 IST" duration-ms="6477">
    <groups>
      <group name="Master">
        <method signature="TC001_Accountregistrationpage.verify_account_registration()[pri:0, instance:testcases.TC001_Accountregistrationpage@457c9034]" name="verify_account_registration" class="testcases.TC001_Accountregistrationpage"/>
      </group> <!-- Master -->
      <group name="Regression">
        <method signature="TC001_Accountregistrationpage.verify_account_registration()[pri:0, instance:testcases.TC001_Accountregistrationpage@457c9034]" name="verify_account_registration" class="testcases.TC001_Accountregistrationpage"/>
      </group> <!-- Regression -->
    </groups>
    <test started-at="2025-07-08T11:45:34 IST" name="Test" finished-at="2025-07-08T11:45:40 IST" duration-ms="6477">
      <class name="testcases.TC001_Accountregistrationpage">
        <test-method is-config="true" signature="setup(java.lang.String,java.lang.String)[pri:0, instance:testcases.TC001_Accountregistrationpage@457c9034]" started-at="2025-07-08T11:45:34 IST" name="setup" finished-at="2025-07-08T11:45:38 IST" duration-ms="3985" status="PASS">
          <params>
            <param index="0">
              <value>
                <![CDATA[windows]]>
              </value>
            </param>
            <param index="1">
              <value>
                <![CDATA[chrome]]>
              </value>
            </param>
          </params>
          <reporter-output>
          </reporter-output>
        </test-method> <!-- setup -->
        <test-method signature="verify_account_registration()[pri:0, instance:testcases.TC001_Accountregistrationpage@457c9034]" started-at="2025-07-08T11:45:38 IST" name="verify_account_registration" finished-at="2025-07-08T11:45:40 IST" duration-ms="1849" status="PASS">
          <reporter-output>
          </reporter-output>
        </test-method> <!-- verify_account_registration -->
        <test-method is-config="true" signature="teardown()[pri:0, instance:testcases.TC001_Accountregistrationpage@457c9034]" started-at="2025-07-08T11:45:40 IST" name="teardown" finished-at="2025-07-08T11:45:40 IST" duration-ms="293" status="PASS">
          <reporter-output>
          </reporter-output>
        </test-method> <!-- teardown -->
      </class> <!-- testcases.TC001_Accountregistrationpage -->
    </test> <!-- Test -->
  </suite> <!-- master Suite -->
</testng-results>
